<?xml version="1.0" encoding="UTF-8"?>
<testsuites>
  <testsuite name="/var/www/_bases/base_ptvx_fila5/laravel/Modules/Notify/phpunit.xml.dist" tests="3" assertions="0" errors="3" failures="0" skipped="0" time="0.000000">
    <testsuite name="VendorName Test Suite" tests="3" assertions="0" errors="3" failures="0" skipped="0" time="0.000000">
      <testsuite name="Modules\Notify\tests\Feature\MailTemplateVersionBusinessLogicTest" file="Modules/Notify/tests/Feature/MailTemplateVersionBusinessLogicTest.php" tests="1" assertions="0" errors="1" failures="0" skipped="0" time="0.000000">
        <testcase name="`Mail Template Version Business Logic` → _can_create_mail_template_version_with_basic_information" file="Modules/Notify/tests/Feature/MailTemplateVersionBusinessLogicTest.php::`Mail Template Version Business Logic` → _can_create_mail_template_version_with_basic_information" class="Modules\Notify\tests\Feature\MailTemplateVersionBusinessLogicTest" classname="Modules.Notify.tests.Feature.MailTemplateVersionBusinessLogicTest" assertions="0" time="0.000000">
          <error type="PDOException">`Mail Template Version Business Logic` → _can_create_mail_template_version_with_basic_informationPDOException: SQLSTATE[HY000] [1045] Access denied for user 'forge'@'localhost' (using password: YES)
at vendor/laravel/framework/src/Illuminate/Database/Connectors/Connector.php:67
at vendor/laravel/framework/src/Illuminate/Database/Connectors/Connector.php:85
at vendor/laravel/framework/src/Illuminate/Database/Connectors/Connector.php:48
at vendor/laravel/framework/src/Illuminate/Database/Connectors/MySqlConnector.php:24
at vendor/laravel/framework/src/Illuminate/Database/Connectors/ConnectionFactory.php:188
at vendor/laravel/framework/src/Illuminate/Database/Connection.php:1279
at vendor/laravel/framework/src/Illuminate/Database/Connection.php:1567
at vendor/laravel/framework/src/Illuminate/Database/Concerns/ManagesTransactions.php:190
at vendor/laravel/framework/src/Illuminate/Database/Concerns/ManagesTransactions.php:156
at vendor/laravel/framework/src/Illuminate/Database/Concerns/ManagesTransactions.php:130
at vendor/laravel/framework/src/Illuminate/Foundation/Testing/DatabaseTransactions.php:26
at vendor/laravel/framework/src/Illuminate/Foundation/Testing/Concerns/InteractsWithTestCaseLifecycle.php:239
at vendor/laravel/framework/src/Illuminate/Foundation/Testing/Concerns/InteractsWithTestCaseLifecycle.php:106
at vendor/laravel/framework/src/Illuminate/Foundation/Testing/TestCase.php:75
at Modules/Xot/tests/XotBaseTestCase.php:177
at Modules/Notify/tests/TestCase.php:39</error>
        </testcase>
      </testsuite>
      <testsuite name="Modules\Notify\tests\Unit\Models\MailTemplateTest" file="Modules/Notify/tests/Unit/Models/MailTemplateTest.php" tests="1" assertions="0" errors="1" failures="0" skipped="0" time="0.000000">
        <testcase name="`Mail Template` → _can_create_mail_template" file="Modules/Notify/tests/Unit/Models/MailTemplateTest.php::`Mail Template` → _can_create_mail_template" class="Modules\Notify\tests\Unit\Models\MailTemplateTest" classname="Modules.Notify.tests.Unit.Models.MailTemplateTest" assertions="0" time="0.000000">
          <error type="PDOException">`Mail Template` → _can_create_mail_templatePDOException: SQLSTATE[HY000] [1045] Access denied for user 'forge'@'localhost' (using password: YES)
at vendor/laravel/framework/src/Illuminate/Database/Connectors/Connector.php:67
at vendor/laravel/framework/src/Illuminate/Database/Connectors/Connector.php:85
at vendor/laravel/framework/src/Illuminate/Database/Connectors/Connector.php:48
at vendor/laravel/framework/src/Illuminate/Database/Connectors/MySqlConnector.php:24
at vendor/laravel/framework/src/Illuminate/Database/Connectors/ConnectionFactory.php:188
at vendor/laravel/framework/src/Illuminate/Database/Connection.php:1279
at vendor/laravel/framework/src/Illuminate/Database/Connection.php:1567
at vendor/laravel/framework/src/Illuminate/Database/Concerns/ManagesTransactions.php:190
at vendor/laravel/framework/src/Illuminate/Database/Concerns/ManagesTransactions.php:156
at vendor/laravel/framework/src/Illuminate/Database/Concerns/ManagesTransactions.php:130
at vendor/laravel/framework/src/Illuminate/Foundation/Testing/DatabaseTransactions.php:26
at vendor/laravel/framework/src/Illuminate/Foundation/Testing/Concerns/InteractsWithTestCaseLifecycle.php:239
at vendor/laravel/framework/src/Illuminate/Foundation/Testing/Concerns/InteractsWithTestCaseLifecycle.php:106
at vendor/laravel/framework/src/Illuminate/Foundation/Testing/TestCase.php:75
at Modules/Xot/tests/XotBaseTestCase.php:177
at Modules/Notify/tests/TestCase.php:39</error>
        </testcase>
      </testsuite>
      <testsuite name="Modules\Notify\tests\Unit\Models\MailTemplateLogTest" file="Modules/Notify/tests/Unit/Models/MailTemplateLogTest.php" tests="1" assertions="0" errors="1" failures="0" skipped="0" time="0.000000">
        <testcase name="`Mail Template Log` → _can_create_mail_template_log" file="Modules/Notify/tests/Unit/Models/MailTemplateLogTest.php::`Mail Template Log` → _can_create_mail_template_log" class="Modules\Notify\tests\Unit\Models\MailTemplateLogTest" classname="Modules.Notify.tests.Unit.Models.MailTemplateLogTest" assertions="0" time="0.000000">
          <error type="PDOException">`Mail Template Log` → _can_create_mail_template_logPDOException: SQLSTATE[HY000] [1045] Access denied for user 'forge'@'localhost' (using password: YES)
at vendor/laravel/framework/src/Illuminate/Database/Connectors/Connector.php:67
at vendor/laravel/framework/src/Illuminate/Database/Connectors/Connector.php:85
at vendor/laravel/framework/src/Illuminate/Database/Connectors/Connector.php:48
at vendor/laravel/framework/src/Illuminate/Database/Connectors/MySqlConnector.php:24
at vendor/laravel/framework/src/Illuminate/Database/Connectors/ConnectionFactory.php:188
at vendor/laravel/framework/src/Illuminate/Database/Connection.php:1279
at vendor/laravel/framework/src/Illuminate/Database/Connection.php:1567
at vendor/laravel/framework/src/Illuminate/Database/Concerns/ManagesTransactions.php:190
at vendor/laravel/framework/src/Illuminate/Database/Concerns/ManagesTransactions.php:156
at vendor/laravel/framework/src/Illuminate/Database/Concerns/ManagesTransactions.php:130
at vendor/laravel/framework/src/Illuminate/Foundation/Testing/DatabaseTransactions.php:26
at vendor/laravel/framework/src/Illuminate/Foundation/Testing/Concerns/InteractsWithTestCaseLifecycle.php:239
at vendor/laravel/framework/src/Illuminate/Foundation/Testing/Concerns/InteractsWithTestCaseLifecycle.php:106
at vendor/laravel/framework/src/Illuminate/Foundation/Testing/TestCase.php:75
at Modules/Xot/tests/XotBaseTestCase.php:177
at Modules/Notify/tests/TestCase.php:39</error>
        </testcase>
      </testsuite>
    </testsuite>
  </testsuite>
</testsuites>
